[0.068s] DEBUG:colcon:Command line arguments: ['/usr/bin/colcon', 'list']
[0.068s] DEBUG:colcon:Parsed command line arguments: Namespace(log_base=None, log_level=None, verb_name='list', build_base='build', ignore_user_meta=False, metas=['./colcon.meta'], base_paths=['.'], packages_ignore=None, packages_ignore_regex=None, paths=None, packages_up_to=None, packages_up_to_regex=None, packages_above=None, packages_above_and_dependencies=None, packages_above_depth=None, packages_select_by_dep=None, packages_skip_by_dep=None, packages_skip_up_to=None, packages_select_build_failed=False, packages_skip_build_finished=False, packages_select_test_failures=False, packages_skip_test_passed=False, packages_select=None, packages_skip=None, packages_select_regex=None, packages_skip_regex=None, packages_start=None, packages_end=None, topological_order=False, names_only=False, paths_only=False, topological_graph=False, topological_graph_dot=False, topological_graph_density=False, topological_graph_legend=False, topological_graph_dot_cluster=False, topological_graph_dot_include_skipped=False, mixin_files=None, mixin=None, verb_parser=<colcon_mixin.mixin.mixin_argument.MixinArgumentDecorator object at 0x7012b8827d60>, verb_extension=<colcon_package_information.verb.list.ListVerb object at 0x7012b896c460>, main=<bound method ListVerb.main of <colcon_package_information.verb.list.ListVerb object at 0x7012b896c460>>, mixin_verb=('list',))
[0.156s] Level 1:colcon.colcon_core.package_discovery:discover_packages(colcon_meta) check parameters
[0.157s] INFO:colcon.colcon_metadata.package_discovery.colcon_meta:Using configuration from '/root/.colcon/metadata/default/Gazebo.meta'
[0.157s] INFO:colcon.colcon_metadata.package_discovery.colcon_meta:Using configuration from '/root/.colcon/metadata/default/fastdds.meta'
[0.158s] INFO:colcon.colcon_metadata.package_discovery.colcon_meta:Using configuration from '/root/.colcon/metadata/default/fastrtps.meta'
[0.158s] Level 1:colcon.colcon_core.package_discovery:discover_packages(recursive) check parameters
[0.158s] Level 1:colcon.colcon_core.package_discovery:discover_packages(ignore) check parameters
[0.158s] Level 1:colcon.colcon_core.package_discovery:discover_packages(path) check parameters
[0.158s] Level 1:colcon.colcon_core.package_discovery:discover_packages(colcon_meta) discover
[0.158s] Level 1:colcon.colcon_core.package_discovery:discover_packages(recursive) discover
[0.158s] INFO:colcon.colcon_core.package_discovery:Crawling recursively for packages in '/root/internship_ws/src/avfl_autonomy/drone_gazebo/models'
[0.158s] Level 1:colcon.colcon_core.package_identification:_identify(.) by extensions ['ignore', 'ignore_ament_install']
[0.158s] Level 1:colcon.colcon_core.package_identification:_identify(.) by extension 'ignore'
[0.158s] Level 1:colcon.colcon_core.package_identification:_identify(.) by extension 'ignore_ament_install'
[0.158s] Level 1:colcon.colcon_core.package_identification:_identify(.) by extensions ['colcon_pkg']
[0.158s] Level 1:colcon.colcon_core.package_identification:_identify(.) by extension 'colcon_pkg'
[0.158s] Level 1:colcon.colcon_core.package_identification:_identify(.) by extensions ['colcon_meta']
[0.158s] Level 1:colcon.colcon_core.package_identification:_identify(.) by extension 'colcon_meta'
[0.158s] Level 1:colcon.colcon_core.package_identification:_identify(.) by extensions ['ros']
[0.158s] Level 1:colcon.colcon_core.package_identification:_identify(.) by extension 'ros'
[0.166s] Level 1:colcon.colcon_core.package_identification:_identify(.) by extensions ['cmake', 'python']
[0.166s] Level 1:colcon.colcon_core.package_identification:_identify(.) by extension 'cmake'
[0.166s] Level 1:colcon.colcon_core.package_identification:_identify(.) by extension 'python'
[0.166s] Level 1:colcon.colcon_core.package_identification:_identify(.) by extensions ['python_setup_py']
[0.166s] Level 1:colcon.colcon_core.package_identification:_identify(.) by extension 'python_setup_py'
[0.166s] Level 1:colcon.colcon_core.package_identification:_identify(aruco_marker) by extensions ['ignore', 'ignore_ament_install']
[0.166s] Level 1:colcon.colcon_core.package_identification:_identify(aruco_marker) by extension 'ignore'
[0.166s] Level 1:colcon.colcon_core.package_identification:_identify(aruco_marker) by extension 'ignore_ament_install'
[0.166s] Level 1:colcon.colcon_core.package_identification:_identify(aruco_marker) by extensions ['colcon_pkg']
[0.166s] Level 1:colcon.colcon_core.package_identification:_identify(aruco_marker) by extension 'colcon_pkg'
[0.166s] Level 1:colcon.colcon_core.package_identification:_identify(aruco_marker) by extensions ['colcon_meta']
[0.166s] Level 1:colcon.colcon_core.package_identification:_identify(aruco_marker) by extension 'colcon_meta'
[0.166s] Level 1:colcon.colcon_core.package_identification:_identify(aruco_marker) by extensions ['ros']
[0.166s] Level 1:colcon.colcon_core.package_identification:_identify(aruco_marker) by extension 'ros'
[0.166s] Level 1:colcon.colcon_core.package_identification:_identify(aruco_marker) by extensions ['cmake', 'python']
[0.166s] Level 1:colcon.colcon_core.package_identification:_identify(aruco_marker) by extension 'cmake'
[0.166s] Level 1:colcon.colcon_core.package_identification:_identify(aruco_marker) by extension 'python'
[0.166s] Level 1:colcon.colcon_core.package_identification:_identify(aruco_marker) by extensions ['python_setup_py']
[0.166s] Level 1:colcon.colcon_core.package_identification:_identify(aruco_marker) by extension 'python_setup_py'
[0.166s] Level 1:colcon.colcon_core.package_identification:_identify(aruco_marker/materials) by extensions ['ignore', 'ignore_ament_install']
[0.167s] Level 1:colcon.colcon_core.package_identification:_identify(aruco_marker/materials) by extension 'ignore'
[0.167s] Level 1:colcon.colcon_core.package_identification:_identify(aruco_marker/materials) by extension 'ignore_ament_install'
[0.167s] Level 1:colcon.colcon_core.package_identification:_identify(aruco_marker/materials) by extensions ['colcon_pkg']
[0.167s] Level 1:colcon.colcon_core.package_identification:_identify(aruco_marker/materials) by extension 'colcon_pkg'
[0.167s] Level 1:colcon.colcon_core.package_identification:_identify(aruco_marker/materials) by extensions ['colcon_meta']
[0.167s] Level 1:colcon.colcon_core.package_identification:_identify(aruco_marker/materials) by extension 'colcon_meta'
[0.167s] Level 1:colcon.colcon_core.package_identification:_identify(aruco_marker/materials) by extensions ['ros']
[0.167s] Level 1:colcon.colcon_core.package_identification:_identify(aruco_marker/materials) by extension 'ros'
[0.167s] Level 1:colcon.colcon_core.package_identification:_identify(aruco_marker/materials) by extensions ['cmake', 'python']
[0.167s] Level 1:colcon.colcon_core.package_identification:_identify(aruco_marker/materials) by extension 'cmake'
[0.167s] Level 1:colcon.colcon_core.package_identification:_identify(aruco_marker/materials) by extension 'python'
[0.167s] Level 1:colcon.colcon_core.package_identification:_identify(aruco_marker/materials) by extensions ['python_setup_py']
[0.167s] Level 1:colcon.colcon_core.package_identification:_identify(aruco_marker/materials) by extension 'python_setup_py'
[0.167s] Level 1:colcon.colcon_core.package_identification:_identify(aruco_marker/materials/textures) by extensions ['ignore', 'ignore_ament_install']
[0.167s] Level 1:colcon.colcon_core.package_identification:_identify(aruco_marker/materials/textures) by extension 'ignore'
[0.167s] Level 1:colcon.colcon_core.package_identification:_identify(aruco_marker/materials/textures) by extension 'ignore_ament_install'
[0.167s] Level 1:colcon.colcon_core.package_identification:_identify(aruco_marker/materials/textures) by extensions ['colcon_pkg']
[0.167s] Level 1:colcon.colcon_core.package_identification:_identify(aruco_marker/materials/textures) by extension 'colcon_pkg'
[0.167s] Level 1:colcon.colcon_core.package_identification:_identify(aruco_marker/materials/textures) by extensions ['colcon_meta']
[0.167s] Level 1:colcon.colcon_core.package_identification:_identify(aruco_marker/materials/textures) by extension 'colcon_meta'
[0.167s] Level 1:colcon.colcon_core.package_identification:_identify(aruco_marker/materials/textures) by extensions ['ros']
[0.167s] Level 1:colcon.colcon_core.package_identification:_identify(aruco_marker/materials/textures) by extension 'ros'
[0.167s] Level 1:colcon.colcon_core.package_identification:_identify(aruco_marker/materials/textures) by extensions ['cmake', 'python']
[0.168s] Level 1:colcon.colcon_core.package_identification:_identify(aruco_marker/materials/textures) by extension 'cmake'
[0.168s] Level 1:colcon.colcon_core.package_identification:_identify(aruco_marker/materials/textures) by extension 'python'
[0.168s] Level 1:colcon.colcon_core.package_identification:_identify(aruco_marker/materials/textures) by extensions ['python_setup_py']
[0.168s] Level 1:colcon.colcon_core.package_identification:_identify(aruco_marker/materials/textures) by extension 'python_setup_py'
[0.168s] Level 1:colcon.colcon_core.package_identification:_identify(aruco_marker_0) by extensions ['ignore', 'ignore_ament_install']
[0.168s] Level 1:colcon.colcon_core.package_identification:_identify(aruco_marker_0) by extension 'ignore'
[0.168s] Level 1:colcon.colcon_core.package_identification:_identify(aruco_marker_0) by extension 'ignore_ament_install'
[0.168s] Level 1:colcon.colcon_core.package_identification:_identify(aruco_marker_0) by extensions ['colcon_pkg']
[0.168s] Level 1:colcon.colcon_core.package_identification:_identify(aruco_marker_0) by extension 'colcon_pkg'
[0.168s] Level 1:colcon.colcon_core.package_identification:_identify(aruco_marker_0) by extensions ['colcon_meta']
[0.168s] Level 1:colcon.colcon_core.package_identification:_identify(aruco_marker_0) by extension 'colcon_meta'
[0.168s] Level 1:colcon.colcon_core.package_identification:_identify(aruco_marker_0) by extensions ['ros']
[0.168s] Level 1:colcon.colcon_core.package_identification:_identify(aruco_marker_0) by extension 'ros'
[0.168s] Level 1:colcon.colcon_core.package_identification:_identify(aruco_marker_0) by extensions ['cmake', 'python']
[0.168s] Level 1:colcon.colcon_core.package_identification:_identify(aruco_marker_0) by extension 'cmake'
[0.168s] Level 1:colcon.colcon_core.package_identification:_identify(aruco_marker_0) by extension 'python'
[0.168s] Level 1:colcon.colcon_core.package_identification:_identify(aruco_marker_0) by extensions ['python_setup_py']
[0.168s] Level 1:colcon.colcon_core.package_identification:_identify(aruco_marker_0) by extension 'python_setup_py'
[0.168s] Level 1:colcon.colcon_core.package_identification:_identify(aruco_marker_0/materials) by extensions ['ignore', 'ignore_ament_install']
[0.168s] Level 1:colcon.colcon_core.package_identification:_identify(aruco_marker_0/materials) by extension 'ignore'
[0.168s] Level 1:colcon.colcon_core.package_identification:_identify(aruco_marker_0/materials) by extension 'ignore_ament_install'
[0.168s] Level 1:colcon.colcon_core.package_identification:_identify(aruco_marker_0/materials) by extensions ['colcon_pkg']
[0.168s] Level 1:colcon.colcon_core.package_identification:_identify(aruco_marker_0/materials) by extension 'colcon_pkg'
[0.168s] Level 1:colcon.colcon_core.package_identification:_identify(aruco_marker_0/materials) by extensions ['colcon_meta']
[0.168s] Level 1:colcon.colcon_core.package_identification:_identify(aruco_marker_0/materials) by extension 'colcon_meta'
[0.168s] Level 1:colcon.colcon_core.package_identification:_identify(aruco_marker_0/materials) by extensions ['ros']
[0.168s] Level 1:colcon.colcon_core.package_identification:_identify(aruco_marker_0/materials) by extension 'ros'
[0.169s] Level 1:colcon.colcon_core.package_identification:_identify(aruco_marker_0/materials) by extensions ['cmake', 'python']
[0.169s] Level 1:colcon.colcon_core.package_identification:_identify(aruco_marker_0/materials) by extension 'cmake'
[0.169s] Level 1:colcon.colcon_core.package_identification:_identify(aruco_marker_0/materials) by extension 'python'
[0.169s] Level 1:colcon.colcon_core.package_identification:_identify(aruco_marker_0/materials) by extensions ['python_setup_py']
[0.169s] Level 1:colcon.colcon_core.package_identification:_identify(aruco_marker_0/materials) by extension 'python_setup_py'
[0.169s] Level 1:colcon.colcon_core.package_identification:_identify(aruco_marker_0/materials/textures) by extensions ['ignore', 'ignore_ament_install']
[0.169s] Level 1:colcon.colcon_core.package_identification:_identify(aruco_marker_0/materials/textures) by extension 'ignore'
[0.169s] Level 1:colcon.colcon_core.package_identification:_identify(aruco_marker_0/materials/textures) by extension 'ignore_ament_install'
[0.169s] Level 1:colcon.colcon_core.package_identification:_identify(aruco_marker_0/materials/textures) by extensions ['colcon_pkg']
[0.169s] Level 1:colcon.colcon_core.package_identification:_identify(aruco_marker_0/materials/textures) by extension 'colcon_pkg'
[0.169s] Level 1:colcon.colcon_core.package_identification:_identify(aruco_marker_0/materials/textures) by extensions ['colcon_meta']
[0.169s] Level 1:colcon.colcon_core.package_identification:_identify(aruco_marker_0/materials/textures) by extension 'colcon_meta'
[0.169s] Level 1:colcon.colcon_core.package_identification:_identify(aruco_marker_0/materials/textures) by extensions ['ros']
[0.169s] Level 1:colcon.colcon_core.package_identification:_identify(aruco_marker_0/materials/textures) by extension 'ros'
[0.169s] Level 1:colcon.colcon_core.package_identification:_identify(aruco_marker_0/materials/textures) by extensions ['cmake', 'python']
[0.169s] Level 1:colcon.colcon_core.package_identification:_identify(aruco_marker_0/materials/textures) by extension 'cmake'
[0.169s] Level 1:colcon.colcon_core.package_identification:_identify(aruco_marker_0/materials/textures) by extension 'python'
[0.169s] Level 1:colcon.colcon_core.package_identification:_identify(aruco_marker_0/materials/textures) by extensions ['python_setup_py']
[0.169s] Level 1:colcon.colcon_core.package_identification:_identify(aruco_marker_0/materials/textures) by extension 'python_setup_py'
[0.169s] Level 1:colcon.colcon_core.package_identification:_identify(aruco_marker_1) by extensions ['ignore', 'ignore_ament_install']
[0.169s] Level 1:colcon.colcon_core.package_identification:_identify(aruco_marker_1) by extension 'ignore'
[0.169s] Level 1:colcon.colcon_core.package_identification:_identify(aruco_marker_1) by extension 'ignore_ament_install'
[0.169s] Level 1:colcon.colcon_core.package_identification:_identify(aruco_marker_1) by extensions ['colcon_pkg']
[0.169s] Level 1:colcon.colcon_core.package_identification:_identify(aruco_marker_1) by extension 'colcon_pkg'
[0.169s] Level 1:colcon.colcon_core.package_identification:_identify(aruco_marker_1) by extensions ['colcon_meta']
[0.169s] Level 1:colcon.colcon_core.package_identification:_identify(aruco_marker_1) by extension 'colcon_meta'
[0.169s] Level 1:colcon.colcon_core.package_identification:_identify(aruco_marker_1) by extensions ['ros']
[0.169s] Level 1:colcon.colcon_core.package_identification:_identify(aruco_marker_1) by extension 'ros'
[0.169s] Level 1:colcon.colcon_core.package_identification:_identify(aruco_marker_1) by extensions ['cmake', 'python']
[0.169s] Level 1:colcon.colcon_core.package_identification:_identify(aruco_marker_1) by extension 'cmake'
[0.169s] Level 1:colcon.colcon_core.package_identification:_identify(aruco_marker_1) by extension 'python'
[0.169s] Level 1:colcon.colcon_core.package_identification:_identify(aruco_marker_1) by extensions ['python_setup_py']
[0.169s] Level 1:colcon.colcon_core.package_identification:_identify(aruco_marker_1) by extension 'python_setup_py'
[0.169s] Level 1:colcon.colcon_core.package_identification:_identify(aruco_marker_1/materials) by extensions ['ignore', 'ignore_ament_install']
[0.170s] Level 1:colcon.colcon_core.package_identification:_identify(aruco_marker_1/materials) by extension 'ignore'
[0.170s] Level 1:colcon.colcon_core.package_identification:_identify(aruco_marker_1/materials) by extension 'ignore_ament_install'
[0.170s] Level 1:colcon.colcon_core.package_identification:_identify(aruco_marker_1/materials) by extensions ['colcon_pkg']
[0.170s] Level 1:colcon.colcon_core.package_identification:_identify(aruco_marker_1/materials) by extension 'colcon_pkg'
[0.170s] Level 1:colcon.colcon_core.package_identification:_identify(aruco_marker_1/materials) by extensions ['colcon_meta']
[0.170s] Level 1:colcon.colcon_core.package_identification:_identify(aruco_marker_1/materials) by extension 'colcon_meta'
[0.170s] Level 1:colcon.colcon_core.package_identification:_identify(aruco_marker_1/materials) by extensions ['ros']
[0.170s] Level 1:colcon.colcon_core.package_identification:_identify(aruco_marker_1/materials) by extension 'ros'
[0.170s] Level 1:colcon.colcon_core.package_identification:_identify(aruco_marker_1/materials) by extensions ['cmake', 'python']
[0.170s] Level 1:colcon.colcon_core.package_identification:_identify(aruco_marker_1/materials) by extension 'cmake'
[0.170s] Level 1:colcon.colcon_core.package_identification:_identify(aruco_marker_1/materials) by extension 'python'
[0.170s] Level 1:colcon.colcon_core.package_identification:_identify(aruco_marker_1/materials) by extensions ['python_setup_py']
[0.170s] Level 1:colcon.colcon_core.package_identification:_identify(aruco_marker_1/materials) by extension 'python_setup_py'
[0.170s] Level 1:colcon.colcon_core.package_identification:_identify(aruco_marker_1/materials/textures) by extensions ['ignore', 'ignore_ament_install']
[0.170s] Level 1:colcon.colcon_core.package_identification:_identify(aruco_marker_1/materials/textures) by extension 'ignore'
[0.170s] Level 1:colcon.colcon_core.package_identification:_identify(aruco_marker_1/materials/textures) by extension 'ignore_ament_install'
[0.170s] Level 1:colcon.colcon_core.package_identification:_identify(aruco_marker_1/materials/textures) by extensions ['colcon_pkg']
[0.170s] Level 1:colcon.colcon_core.package_identification:_identify(aruco_marker_1/materials/textures) by extension 'colcon_pkg'
[0.170s] Level 1:colcon.colcon_core.package_identification:_identify(aruco_marker_1/materials/textures) by extensions ['colcon_meta']
[0.170s] Level 1:colcon.colcon_core.package_identification:_identify(aruco_marker_1/materials/textures) by extension 'colcon_meta'
[0.170s] Level 1:colcon.colcon_core.package_identification:_identify(aruco_marker_1/materials/textures) by extensions ['ros']
[0.170s] Level 1:colcon.colcon_core.package_identification:_identify(aruco_marker_1/materials/textures) by extension 'ros'
[0.170s] Level 1:colcon.colcon_core.package_identification:_identify(aruco_marker_1/materials/textures) by extensions ['cmake', 'python']
[0.170s] Level 1:colcon.colcon_core.package_identification:_identify(aruco_marker_1/materials/textures) by extension 'cmake'
[0.170s] Level 1:colcon.colcon_core.package_identification:_identify(aruco_marker_1/materials/textures) by extension 'python'
[0.170s] Level 1:colcon.colcon_core.package_identification:_identify(aruco_marker_1/materials/textures) by extensions ['python_setup_py']
[0.170s] Level 1:colcon.colcon_core.package_identification:_identify(aruco_marker_1/materials/textures) by extension 'python_setup_py'
[0.170s] Level 1:colcon.colcon_core.package_identification:_identify(aruco_marker_2) by extensions ['ignore', 'ignore_ament_install']
[0.170s] Level 1:colcon.colcon_core.package_identification:_identify(aruco_marker_2) by extension 'ignore'
[0.170s] Level 1:colcon.colcon_core.package_identification:_identify(aruco_marker_2) by extension 'ignore_ament_install'
[0.170s] Level 1:colcon.colcon_core.package_identification:_identify(aruco_marker_2) by extensions ['colcon_pkg']
[0.171s] Level 1:colcon.colcon_core.package_identification:_identify(aruco_marker_2) by extension 'colcon_pkg'
[0.171s] Level 1:colcon.colcon_core.package_identification:_identify(aruco_marker_2) by extensions ['colcon_meta']
[0.171s] Level 1:colcon.colcon_core.package_identification:_identify(aruco_marker_2) by extension 'colcon_meta'
[0.171s] Level 1:colcon.colcon_core.package_identification:_identify(aruco_marker_2) by extensions ['ros']
[0.171s] Level 1:colcon.colcon_core.package_identification:_identify(aruco_marker_2) by extension 'ros'
[0.171s] Level 1:colcon.colcon_core.package_identification:_identify(aruco_marker_2) by extensions ['cmake', 'python']
[0.171s] Level 1:colcon.colcon_core.package_identification:_identify(aruco_marker_2) by extension 'cmake'
[0.171s] Level 1:colcon.colcon_core.package_identification:_identify(aruco_marker_2) by extension 'python'
[0.171s] Level 1:colcon.colcon_core.package_identification:_identify(aruco_marker_2) by extensions ['python_setup_py']
[0.171s] Level 1:colcon.colcon_core.package_identification:_identify(aruco_marker_2) by extension 'python_setup_py'
[0.171s] Level 1:colcon.colcon_core.package_identification:_identify(aruco_marker_2/materials) by extensions ['ignore', 'ignore_ament_install']
[0.171s] Level 1:colcon.colcon_core.package_identification:_identify(aruco_marker_2/materials) by extension 'ignore'
[0.171s] Level 1:colcon.colcon_core.package_identification:_identify(aruco_marker_2/materials) by extension 'ignore_ament_install'
[0.171s] Level 1:colcon.colcon_core.package_identification:_identify(aruco_marker_2/materials) by extensions ['colcon_pkg']
[0.171s] Level 1:colcon.colcon_core.package_identification:_identify(aruco_marker_2/materials) by extension 'colcon_pkg'
[0.171s] Level 1:colcon.colcon_core.package_identification:_identify(aruco_marker_2/materials) by extensions ['colcon_meta']
[0.171s] Level 1:colcon.colcon_core.package_identification:_identify(aruco_marker_2/materials) by extension 'colcon_meta'
[0.171s] Level 1:colcon.colcon_core.package_identification:_identify(aruco_marker_2/materials) by extensions ['ros']
[0.171s] Level 1:colcon.colcon_core.package_identification:_identify(aruco_marker_2/materials) by extension 'ros'
[0.171s] Level 1:colcon.colcon_core.package_identification:_identify(aruco_marker_2/materials) by extensions ['cmake', 'python']
[0.171s] Level 1:colcon.colcon_core.package_identification:_identify(aruco_marker_2/materials) by extension 'cmake'
[0.171s] Level 1:colcon.colcon_core.package_identification:_identify(aruco_marker_2/materials) by extension 'python'
[0.171s] Level 1:colcon.colcon_core.package_identification:_identify(aruco_marker_2/materials) by extensions ['python_setup_py']
[0.171s] Level 1:colcon.colcon_core.package_identification:_identify(aruco_marker_2/materials) by extension 'python_setup_py'
[0.171s] Level 1:colcon.colcon_core.package_identification:_identify(aruco_marker_2/materials/textures) by extensions ['ignore', 'ignore_ament_install']
[0.171s] Level 1:colcon.colcon_core.package_identification:_identify(aruco_marker_2/materials/textures) by extension 'ignore'
[0.171s] Level 1:colcon.colcon_core.package_identification:_identify(aruco_marker_2/materials/textures) by extension 'ignore_ament_install'
[0.171s] Level 1:colcon.colcon_core.package_identification:_identify(aruco_marker_2/materials/textures) by extensions ['colcon_pkg']
[0.171s] Level 1:colcon.colcon_core.package_identification:_identify(aruco_marker_2/materials/textures) by extension 'colcon_pkg'
[0.171s] Level 1:colcon.colcon_core.package_identification:_identify(aruco_marker_2/materials/textures) by extensions ['colcon_meta']
[0.171s] Level 1:colcon.colcon_core.package_identification:_identify(aruco_marker_2/materials/textures) by extension 'colcon_meta'
[0.171s] Level 1:colcon.colcon_core.package_identification:_identify(aruco_marker_2/materials/textures) by extensions ['ros']
[0.171s] Level 1:colcon.colcon_core.package_identification:_identify(aruco_marker_2/materials/textures) by extension 'ros'
[0.171s] Level 1:colcon.colcon_core.package_identification:_identify(aruco_marker_2/materials/textures) by extensions ['cmake', 'python']
[0.171s] Level 1:colcon.colcon_core.package_identification:_identify(aruco_marker_2/materials/textures) by extension 'cmake'
[0.171s] Level 1:colcon.colcon_core.package_identification:_identify(aruco_marker_2/materials/textures) by extension 'python'
[0.171s] Level 1:colcon.colcon_core.package_identification:_identify(aruco_marker_2/materials/textures) by extensions ['python_setup_py']
[0.171s] Level 1:colcon.colcon_core.package_identification:_identify(aruco_marker_2/materials/textures) by extension 'python_setup_py'
[0.172s] Level 1:colcon.colcon_core.package_identification:_identify(aruco_marker_3) by extensions ['ignore', 'ignore_ament_install']
[0.172s] Level 1:colcon.colcon_core.package_identification:_identify(aruco_marker_3) by extension 'ignore'
[0.172s] Level 1:colcon.colcon_core.package_identification:_identify(aruco_marker_3) by extension 'ignore_ament_install'
[0.172s] Level 1:colcon.colcon_core.package_identification:_identify(aruco_marker_3) by extensions ['colcon_pkg']
[0.172s] Level 1:colcon.colcon_core.package_identification:_identify(aruco_marker_3) by extension 'colcon_pkg'
[0.172s] Level 1:colcon.colcon_core.package_identification:_identify(aruco_marker_3) by extensions ['colcon_meta']
[0.172s] Level 1:colcon.colcon_core.package_identification:_identify(aruco_marker_3) by extension 'colcon_meta'
[0.172s] Level 1:colcon.colcon_core.package_identification:_identify(aruco_marker_3) by extensions ['ros']
[0.172s] Level 1:colcon.colcon_core.package_identification:_identify(aruco_marker_3) by extension 'ros'
[0.172s] Level 1:colcon.colcon_core.package_identification:_identify(aruco_marker_3) by extensions ['cmake', 'python']
[0.172s] Level 1:colcon.colcon_core.package_identification:_identify(aruco_marker_3) by extension 'cmake'
[0.172s] Level 1:colcon.colcon_core.package_identification:_identify(aruco_marker_3) by extension 'python'
[0.172s] Level 1:colcon.colcon_core.package_identification:_identify(aruco_marker_3) by extensions ['python_setup_py']
[0.172s] Level 1:colcon.colcon_core.package_identification:_identify(aruco_marker_3) by extension 'python_setup_py'
[0.172s] Level 1:colcon.colcon_core.package_identification:_identify(aruco_marker_3/materials) by extensions ['ignore', 'ignore_ament_install']
[0.172s] Level 1:colcon.colcon_core.package_identification:_identify(aruco_marker_3/materials) by extension 'ignore'
[0.172s] Level 1:colcon.colcon_core.package_identification:_identify(aruco_marker_3/materials) by extension 'ignore_ament_install'
[0.172s] Level 1:colcon.colcon_core.package_identification:_identify(aruco_marker_3/materials) by extensions ['colcon_pkg']
[0.172s] Level 1:colcon.colcon_core.package_identification:_identify(aruco_marker_3/materials) by extension 'colcon_pkg'
[0.172s] Level 1:colcon.colcon_core.package_identification:_identify(aruco_marker_3/materials) by extensions ['colcon_meta']
[0.172s] Level 1:colcon.colcon_core.package_identification:_identify(aruco_marker_3/materials) by extension 'colcon_meta'
[0.172s] Level 1:colcon.colcon_core.package_identification:_identify(aruco_marker_3/materials) by extensions ['ros']
[0.172s] Level 1:colcon.colcon_core.package_identification:_identify(aruco_marker_3/materials) by extension 'ros'
[0.172s] Level 1:colcon.colcon_core.package_identification:_identify(aruco_marker_3/materials) by extensions ['cmake', 'python']
[0.172s] Level 1:colcon.colcon_core.package_identification:_identify(aruco_marker_3/materials) by extension 'cmake'
[0.172s] Level 1:colcon.colcon_core.package_identification:_identify(aruco_marker_3/materials) by extension 'python'
[0.172s] Level 1:colcon.colcon_core.package_identification:_identify(aruco_marker_3/materials) by extensions ['python_setup_py']
[0.172s] Level 1:colcon.colcon_core.package_identification:_identify(aruco_marker_3/materials) by extension 'python_setup_py'
[0.172s] Level 1:colcon.colcon_core.package_identification:_identify(aruco_marker_3/materials/textures) by extensions ['ignore', 'ignore_ament_install']
[0.172s] Level 1:colcon.colcon_core.package_identification:_identify(aruco_marker_3/materials/textures) by extension 'ignore'
[0.172s] Level 1:colcon.colcon_core.package_identification:_identify(aruco_marker_3/materials/textures) by extension 'ignore_ament_install'
[0.172s] Level 1:colcon.colcon_core.package_identification:_identify(aruco_marker_3/materials/textures) by extensions ['colcon_pkg']
[0.172s] Level 1:colcon.colcon_core.package_identification:_identify(aruco_marker_3/materials/textures) by extension 'colcon_pkg'
[0.172s] Level 1:colcon.colcon_core.package_identification:_identify(aruco_marker_3/materials/textures) by extensions ['colcon_meta']
[0.172s] Level 1:colcon.colcon_core.package_identification:_identify(aruco_marker_3/materials/textures) by extension 'colcon_meta'
[0.172s] Level 1:colcon.colcon_core.package_identification:_identify(aruco_marker_3/materials/textures) by extensions ['ros']
[0.172s] Level 1:colcon.colcon_core.package_identification:_identify(aruco_marker_3/materials/textures) by extension 'ros'
[0.173s] Level 1:colcon.colcon_core.package_identification:_identify(aruco_marker_3/materials/textures) by extensions ['cmake', 'python']
[0.173s] Level 1:colcon.colcon_core.package_identification:_identify(aruco_marker_3/materials/textures) by extension 'cmake'
[0.173s] Level 1:colcon.colcon_core.package_identification:_identify(aruco_marker_3/materials/textures) by extension 'python'
[0.173s] Level 1:colcon.colcon_core.package_identification:_identify(aruco_marker_3/materials/textures) by extensions ['python_setup_py']
[0.173s] Level 1:colcon.colcon_core.package_identification:_identify(aruco_marker_3/materials/textures) by extension 'python_setup_py'
[0.173s] Level 1:colcon.colcon_core.package_identification:_identify(build) by extensions ['ignore', 'ignore_ament_install']
[0.173s] Level 1:colcon.colcon_core.package_identification:_identify(build) by extension 'ignore'
[0.173s] Level 1:colcon.colcon_core.package_identification:_identify(build) ignored
[0.173s] Level 1:colcon.colcon_core.package_identification:_identify(install) by extensions ['ignore', 'ignore_ament_install']
[0.173s] Level 1:colcon.colcon_core.package_identification:_identify(install) by extension 'ignore'
[0.173s] Level 1:colcon.colcon_core.package_identification:_identify(install) ignored
[0.173s] Level 1:colcon.colcon_core.package_identification:_identify(log) by extensions ['ignore', 'ignore_ament_install']
[0.173s] Level 1:colcon.colcon_core.package_identification:_identify(log) by extension 'ignore'
[0.173s] Level 1:colcon.colcon_core.package_identification:_identify(log) ignored
[0.173s] Level 1:colcon.colcon_core.package_discovery:discover_packages(recursive) using defaults
[0.173s] Level 1:colcon.colcon_core.package_discovery:discover_packages(ignore) discover
[0.173s] Level 1:colcon.colcon_core.package_discovery:discover_packages(ignore) using defaults
[0.173s] Level 1:colcon.colcon_core.package_discovery:discover_packages(path) discover
[0.173s] Level 1:colcon.colcon_core.package_discovery:discover_packages(path) using defaults
